
[2022-11-15 13:18:30] local.ERROR: Class "Doctrine\DBAL\Driver\AbstractMySQLDriver" not found {"exception":"[object] (Error(code: 0): Class \"Doctrine\\DBAL\\Driver\\AbstractMySQLDriver\" not found at /home/creaspo/Desktop/imdad/emdad-backend/vendor/laravel/framework/src/Illuminate/Database/PDO/MySqlDriver.php:8)
[stacktrace]
#0 /home/creaspo/Desktop/imdad/emdad-backend/vendor/composer/ClassLoader.php(571): include()
#1 /home/creaspo/Desktop/imdad/emdad-backend/vendor/composer/ClassLoader.php(428): Composer\\Autoload\\includeFile()
#2 /home/creaspo/Desktop/imdad/emdad-backend/vendor/laravel/framework/src/Illuminate/Database/MySqlConnection.php(89): Composer\\Autoload\\ClassLoader->loadClass()
#3 /home/creaspo/Desktop/imdad/emdad-backend/vendor/laravel/framework/src/Illuminate/Database/Connection.php(1117): Illuminate\\Database\\MySqlConnection->getDoctrineDriver()
#4 /home/creaspo/Desktop/imdad/emdad-backend/vendor/laravel/framework/src/Illuminate/Database/Connection.php(1100): Illuminate\\Database\\Connection->getDoctrineConnection()
#5 /home/creaspo/Desktop/imdad/emdad-backend/vendor/laravel/framework/src/Illuminate/Database/Schema/Grammars/RenameColumn.php(25): Illuminate\\Database\\Connection->getDoctrineSchemaManager()
#6 /home/creaspo/Desktop/imdad/emdad-backend/vendor/laravel/framework/src/Illuminate/Database/Schema/Grammars/Grammar.php(71): Illuminate\\Database\\Schema\\Grammars\\RenameColumn::compile()
#7 /home/creaspo/Desktop/imdad/emdad-backend/vendor/laravel/framework/src/Illuminate/Database/Schema/Blueprint.php(135): Illuminate\\Database\\Schema\\Grammars\\Grammar->compileRenameColumn()
#8 /home/creaspo/Desktop/imdad/emdad-backend/vendor/laravel/framework/src/Illuminate/Database/Schema/Blueprint.php(108): Illuminate\\Database\\Schema\\Blueprint->toSql()
#9 /home/creaspo/Desktop/imdad/emdad-backend/vendor/laravel/framework/src/Illuminate/Database/Schema/Builder.php(404): Illuminate\\Database\\Schema\\Blueprint->build()
#10 /home/creaspo/Desktop/imdad/emdad-backend/vendor/laravel/framework/src/Illuminate/Database/Schema/Builder.php(251): Illuminate\\Database\\Schema\\Builder->build()
#11 /home/creaspo/Desktop/imdad/emdad-backend/vendor/laravel/framework/src/Illuminate/Support/Facades/Facade.php(338): Illuminate\\Database\\Schema\\Builder->table()
#12 /home/creaspo/Desktop/imdad/emdad-backend/database/migrations/2022_11_15_111354_add_first_lastname_to_company_info.php(27): Illuminate\\Support\\Facades\\Facade::__callStatic()
#13 /home/creaspo/Desktop/imdad/emdad-backend/vendor/laravel/framework/src/Illuminate/Database/Migrations/Migrator.php(482): Illuminate\\Database\\Migrations\\Migration@anonymous->up()
#14 /home/creaspo/Desktop/imdad/emdad-backend/vendor/laravel/framework/src/Illuminate/Database/Migrations/Migrator.php(400): Illuminate\\Database\\Migrations\\Migrator->runMethod()
#15 /home/creaspo/Desktop/imdad/emdad-backend/vendor/laravel/framework/src/Illuminate/Database/Migrations/Migrator.php(409): Illuminate\\Database\\Migrations\\Migrator->Illuminate\\Database\\Migrations\\{closure}()
#16 /home/creaspo/Desktop/imdad/emdad-backend/vendor/laravel/framework/src/Illuminate/Database/Migrations/Migrator.php(210): Illuminate\\Database\\Migrations\\Migrator->runMigration()
#17 /home/creaspo/Desktop/imdad/emdad-backend/vendor/laravel/framework/src/Illuminate/Console/View/Components/Task.php(36): Illuminate\\Database\\Migrations\\Migrator->Illuminate\\Database\\Migrations\\{closure}()
#18 /home/creaspo/Desktop/imdad/emdad-backend/vendor/laravel/framework/src/Illuminate/Database/Migrations/Migrator.php(740): Illuminate\\Console\\View\\Components\\Task->render()
#19 /home/creaspo/Desktop/imdad/emdad-backend/vendor/laravel/framework/src/Illuminate/Database/Migrations/Migrator.php(210): Illuminate\\Database\\Migrations\\Migrator->write()
#20 /home/creaspo/Desktop/imdad/emdad-backend/vendor/laravel/framework/src/Illuminate/Database/Migrations/Migrator.php(175): Illuminate\\Database\\Migrations\\Migrator->runUp()
#21 /home/creaspo/Desktop/imdad/emdad-backend/vendor/laravel/framework/src/Illuminate/Database/Migrations/Migrator.php(118): Illuminate\\Database\\Migrations\\Migrator->runPending()
#22 /home/creaspo/Desktop/imdad/emdad-backend/vendor/laravel/framework/src/Illuminate/Database/Console/Migrations/MigrateCommand.php(90): Illuminate\\Database\\Migrations\\Migrator->run()
#23 /home/creaspo/Desktop/imdad/emdad-backend/vendor/laravel/framework/src/Illuminate/Database/Migrations/Migrator.php(616): Illuminate\\Database\\Console\\Migrations\\MigrateCommand->Illuminate\\Database\\Console\\Migrations\\{closure}()
#24 /home/creaspo/Desktop/imdad/emdad-backend/vendor/laravel/framework/src/Illuminate/Database/Console/Migrations/MigrateCommand.php(102): Illuminate\\Database\\Migrations\\Migrator->usingConnection()
#25 /home/creaspo/Desktop/imdad/emdad-backend/vendor/laravel/framework/src/Illuminate/Container/BoundMethod.php(36): Illuminate\\Database\\Console\\Migrations\\MigrateCommand->handle()
#26 /home/creaspo/Desktop/imdad/emdad-backend/vendor/laravel/framework/src/Illuminate/Container/Util.php(41): Illuminate\\Container\\BoundMethod::Illuminate\\Container\\{closure}()
#27 /home/creaspo/Desktop/imdad/emdad-backend/vendor/laravel/framework/src/Illuminate/Container/BoundMethod.php(93): Illuminate\\Container\\Util::unwrapIfClosure()
#28 /home/creaspo/Desktop/imdad/emdad-backend/vendor/laravel/framework/src/Illuminate/Container/BoundMethod.php(37): Illuminate\\Container\\BoundMethod::callBoundMethod()
#29 /home/creaspo/Desktop/imdad/emdad-backend/vendor/laravel/framework/src/Illuminate/Container/Container.php(651): Illuminate\\Container\\BoundMethod::call()
#30 /home/creaspo/Desktop/imdad/emdad-backend/vendor/laravel/framework/src/Illuminate/Console/Command.php(178): Illuminate\\Container\\Container->call()
#31 /home/creaspo/Desktop/imdad/emdad-backend/vendor/symfony/console/Command/Command.php(308): Illuminate\\Console\\Command->execute()
#32 /home/creaspo/Desktop/imdad/emdad-backend/vendor/laravel/framework/src/Illuminate/Console/Command.php(148): Symfony\\Component\\Console\\Command\\Command->run()
#33 /home/creaspo/Desktop/imdad/emdad-backend/vendor/laravel/framework/src/Illuminate/Console/Concerns/CallsCommands.php(68): Illuminate\\Console\\Command->run()
#34 /home/creaspo/Desktop/imdad/emdad-backend/vendor/laravel/framework/src/Illuminate/Console/Concerns/CallsCommands.php(28): Illuminate\\Console\\Command->runCommand()
#35 /home/creaspo/Desktop/imdad/emdad-backend/vendor/laravel/framework/src/Illuminate/Database/Console/Migrations/FreshCommand.php(59): Illuminate\\Console\\Command->call()
#36 /home/creaspo/Desktop/imdad/emdad-backend/vendor/laravel/framework/src/Illuminate/Container/BoundMethod.php(36): Illuminate\\Database\\Console\\Migrations\\FreshCommand->handle()
#37 /home/creaspo/Desktop/imdad/emdad-backend/vendor/laravel/framework/src/Illuminate/Container/Util.php(41): Illuminate\\Container\\BoundMethod::Illuminate\\Container\\{closure}()
#38 /home/creaspo/Desktop/imdad/emdad-backend/vendor/laravel/framework/src/Illuminate/Container/BoundMethod.php(93): Illuminate\\Container\\Util::unwrapIfClosure()
#39 /home/creaspo/Desktop/imdad/emdad-backend/vendor/laravel/framework/src/Illuminate/Container/BoundMethod.php(37): Illuminate\\Container\\BoundMethod::callBoundMethod()
#40 /home/creaspo/Desktop/imdad/emdad-backend/vendor/laravel/framework/src/Illuminate/Container/Container.php(651): Illuminate\\Container\\BoundMethod::call()
#41 /home/creaspo/Desktop/imdad/emdad-backend/vendor/laravel/framework/src/Illuminate/Console/Command.php(178): Illuminate\\Container\\Container->call()
#42 /home/creaspo/Desktop/imdad/emdad-backend/vendor/symfony/console/Command/Command.php(308): Illuminate\\Console\\Command->execute()
#43 /home/creaspo/Desktop/imdad/emdad-backend/vendor/laravel/framework/src/Illuminate/Console/Command.php(148): Symfony\\Component\\Console\\Command\\Command->run()
#44 /home/creaspo/Desktop/imdad/emdad-backend/vendor/symfony/console/Application.php(1014): Illuminate\\Console\\Command->run()
#45 /home/creaspo/Desktop/imdad/emdad-backend/vendor/symfony/console/Application.php(301): Symfony\\Component\\Console\\Application->doRunCommand()
#46 /home/creaspo/Desktop/imdad/emdad-backend/vendor/symfony/console/Application.php(171): Symfony\\Component\\Console\\Application->doRun()
#47 /home/creaspo/Desktop/imdad/emdad-backend/vendor/laravel/framework/src/Illuminate/Console/Application.php(102): Symfony\\Component\\Console\\Application->run()
#48 /home/creaspo/Desktop/imdad/emdad-backend/vendor/laravel/framework/src/Illuminate/Foundation/Console/Kernel.php(155): Illuminate\\Console\\Application->run()
#49 /home/creaspo/Desktop/imdad/emdad-backend/artisan(37): Illuminate\\Foundation\\Console\\Kernel->handle()
#50 {main}
"} 
[2022-11-15 13:21:47] local.ERROR: Class "Doctrine\DBAL\Driver\AbstractMySQLDriver" not found {"exception":"[object] (Error(code: 0): Class \"Doctrine\\DBAL\\Driver\\AbstractMySQLDriver\" not found at /home/creaspo/Desktop/imdad/emdad-backend/vendor/laravel/framework/src/Illuminate/Database/PDO/MySqlDriver.php:8)
[stacktrace]
#0 /home/creaspo/Desktop/imdad/emdad-backend/vendor/composer/ClassLoader.php(571): include()
#1 /home/creaspo/Desktop/imdad/emdad-backend/vendor/composer/ClassLoader.php(428): Composer\\Autoload\\includeFile()
#2 /home/creaspo/Desktop/imdad/emdad-backend/vendor/laravel/framework/src/Illuminate/Database/MySqlConnection.php(89): Composer\\Autoload\\ClassLoader->loadClass()
#3 /home/creaspo/Desktop/imdad/emdad-backend/vendor/laravel/framework/src/Illuminate/Database/Connection.php(1117): Illuminate\\Database\\MySqlConnection->getDoctrineDriver()
#4 /home/creaspo/Desktop/imdad/emdad-backend/vendor/laravel/framework/src/Illuminate/Database/Connection.php(1100): Illuminate\\Database\\Connection->getDoctrineConnection()
#5 /home/creaspo/Desktop/imdad/emdad-backend/vendor/laravel/framework/src/Illuminate/Database/Schema/Grammars/RenameColumn.php(25): Illuminate\\Database\\Connection->getDoctrineSchemaManager()
#6 /home/creaspo/Desktop/imdad/emdad-backend/vendor/laravel/framework/src/Illuminate/Database/Schema/Grammars/Grammar.php(71): Illuminate\\Database\\Schema\\Grammars\\RenameColumn::compile()
#7 /home/creaspo/Desktop/imdad/emdad-backend/vendor/laravel/framework/src/Illuminate/Database/Schema/Blueprint.php(135): Illuminate\\Database\\Schema\\Grammars\\Grammar->compileRenameColumn()
#8 /home/creaspo/Desktop/imdad/emdad-backend/vendor/laravel/framework/src/Illuminate/Database/Schema/Blueprint.php(108): Illuminate\\Database\\Schema\\Blueprint->toSql()
#9 /home/creaspo/Desktop/imdad/emdad-backend/vendor/laravel/framework/src/Illuminate/Database/Schema/Builder.php(404): Illuminate\\Database\\Schema\\Blueprint->build()
#10 /home/creaspo/Desktop/imdad/emdad-backend/vendor/laravel/framework/src/Illuminate/Database/Schema/Builder.php(251): Illuminate\\Database\\Schema\\Builder->build()
#11 /home/creaspo/Desktop/imdad/emdad-backend/vendor/laravel/framework/src/Illuminate/Support/Facades/Facade.php(338): Illuminate\\Database\\Schema\\Builder->table()
#12 /home/creaspo/Desktop/imdad/emdad-backend/database/migrations/2022_11_15_111354_add_first_lastname_to_company_info.php(27): Illuminate\\Support\\Facades\\Facade::__callStatic()
#13 /home/creaspo/Desktop/imdad/emdad-backend/vendor/laravel/framework/src/Illuminate/Database/Migrations/Migrator.php(482): Illuminate\\Database\\Migrations\\Migration@anonymous->up()
#14 /home/creaspo/Desktop/imdad/emdad-backend/vendor/laravel/framework/src/Illuminate/Database/Migrations/Migrator.php(400): Illuminate\\Database\\Migrations\\Migrator->runMethod()
#15 /home/creaspo/Desktop/imdad/emdad-backend/vendor/laravel/framework/src/Illuminate/Database/Migrations/Migrator.php(409): Illuminate\\Database\\Migrations\\Migrator->Illuminate\\Database\\Migrations\\{closure}()
#16 /home/creaspo/Desktop/imdad/emdad-backend/vendor/laravel/framework/src/Illuminate/Database/Migrations/Migrator.php(210): Illuminate\\Database\\Migrations\\Migrator->runMigration()
#17 /home/creaspo/Desktop/imdad/emdad-backend/vendor/laravel/framework/src/Illuminate/Console/View/Components/Task.php(36): Illuminate\\Database\\Migrations\\Migrator->Illuminate\\Database\\Migrations\\{closure}()
#18 /home/creaspo/Desktop/imdad/emdad-backend/vendor/laravel/framework/src/Illuminate/Database/Migrations/Migrator.php(740): Illuminate\\Console\\View\\Components\\Task->render()
#19 /home/creaspo/Desktop/imdad/emdad-backend/vendor/laravel/framework/src/Illuminate/Database/Migrations/Migrator.php(210): Illuminate\\Database\\Migrations\\Migrator->write()
#20 /home/creaspo/Desktop/imdad/emdad-backend/vendor/laravel/framework/src/Illuminate/Database/Migrations/Migrator.php(175): Illuminate\\Database\\Migrations\\Migrator->runUp()
#21 /home/creaspo/Desktop/imdad/emdad-backend/vendor/laravel/framework/src/Illuminate/Database/Migrations/Migrator.php(118): Illuminate\\Database\\Migrations\\Migrator->runPending()
#22 /home/creaspo/Desktop/imdad/emdad-backend/vendor/laravel/framework/src/Illuminate/Database/Console/Migrations/MigrateCommand.php(90): Illuminate\\Database\\Migrations\\Migrator->run()
#23 /home/creaspo/Desktop/imdad/emdad-backend/vendor/laravel/framework/src/Illuminate/Database/Migrations/Migrator.php(616): Illuminate\\Database\\Console\\Migrations\\MigrateCommand->Illuminate\\Database\\Console\\Migrations\\{closure}()
#24 /home/creaspo/Desktop/imdad/emdad-backend/vendor/laravel/framework/src/Illuminate/Database/Console/Migrations/MigrateCommand.php(102): Illuminate\\Database\\Migrations\\Migrator->usingConnection()
#25 /home/creaspo/Desktop/imdad/emdad-backend/vendor/laravel/framework/src/Illuminate/Container/BoundMethod.php(36): Illuminate\\Database\\Console\\Migrations\\MigrateCommand->handle()
#26 /home/creaspo/Desktop/imdad/emdad-backend/vendor/laravel/framework/src/Illuminate/Container/Util.php(41): Illuminate\\Container\\BoundMethod::Illuminate\\Container\\{closure}()
#27 /home/creaspo/Desktop/imdad/emdad-backend/vendor/laravel/framework/src/Illuminate/Container/BoundMethod.php(93): Illuminate\\Container\\Util::unwrapIfClosure()
#28 /home/creaspo/Desktop/imdad/emdad-backend/vendor/laravel/framework/src/Illuminate/Container/BoundMethod.php(37): Illuminate\\Container\\BoundMethod::callBoundMethod()
#29 /home/creaspo/Desktop/imdad/emdad-backend/vendor/laravel/framework/src/Illuminate/Container/Container.php(651): Illuminate\\Container\\BoundMethod::call()
#30 /home/creaspo/Desktop/imdad/emdad-backend/vendor/laravel/framework/src/Illuminate/Console/Command.php(178): Illuminate\\Container\\Container->call()
#31 /home/creaspo/Desktop/imdad/emdad-backend/vendor/symfony/console/Command/Command.php(308): Illuminate\\Console\\Command->execute()
#32 /home/creaspo/Desktop/imdad/emdad-backend/vendor/laravel/framework/src/Illuminate/Console/Command.php(148): Symfony\\Component\\Console\\Command\\Command->run()
#33 /home/creaspo/Desktop/imdad/emdad-backend/vendor/laravel/framework/src/Illuminate/Console/Concerns/CallsCommands.php(68): Illuminate\\Console\\Command->run()
#34 /home/creaspo/Desktop/imdad/emdad-backend/vendor/laravel/framework/src/Illuminate/Console/Concerns/CallsCommands.php(28): Illuminate\\Console\\Command->runCommand()
#35 /home/creaspo/Desktop/imdad/emdad-backend/vendor/laravel/framework/src/Illuminate/Database/Console/Migrations/FreshCommand.php(59): Illuminate\\Console\\Command->call()
#36 /home/creaspo/Desktop/imdad/emdad-backend/vendor/laravel/framework/src/Illuminate/Container/BoundMethod.php(36): Illuminate\\Database\\Console\\Migrations\\FreshCommand->handle()
#37 /home/creaspo/Desktop/imdad/emdad-backend/vendor/laravel/framework/src/Illuminate/Container/Util.php(41): Illuminate\\Container\\BoundMethod::Illuminate\\Container\\{closure}()
#38 /home/creaspo/Desktop/imdad/emdad-backend/vendor/laravel/framework/src/Illuminate/Container/BoundMethod.php(93): Illuminate\\Container\\Util::unwrapIfClosure()
#39 /home/creaspo/Desktop/imdad/emdad-backend/vendor/laravel/framework/src/Illuminate/Container/BoundMethod.php(37): Illuminate\\Container\\BoundMethod::callBoundMethod()
#40 /home/creaspo/Desktop/imdad/emdad-backend/vendor/laravel/framework/src/Illuminate/Container/Container.php(651): Illuminate\\Container\\BoundMethod::call()
#41 /home/creaspo/Desktop/imdad/emdad-backend/vendor/laravel/framework/src/Illuminate/Console/Command.php(178): Illuminate\\Container\\Container->call()
#42 /home/creaspo/Desktop/imdad/emdad-backend/vendor/symfony/console/Command/Command.php(308): Illuminate\\Console\\Command->execute()
#43 /home/creaspo/Desktop/imdad/emdad-backend/vendor/laravel/framework/src/Illuminate/Console/Command.php(148): Symfony\\Component\\Console\\Command\\Command->run()
#44 /home/creaspo/Desktop/imdad/emdad-backend/vendor/symfony/console/Application.php(1014): Illuminate\\Console\\Command->run()
#45 /home/creaspo/Desktop/imdad/emdad-backend/vendor/symfony/console/Application.php(301): Symfony\\Component\\Console\\Application->doRunCommand()
#46 /home/creaspo/Desktop/imdad/emdad-backend/vendor/symfony/console/Application.php(171): Symfony\\Component\\Console\\Application->doRun()
#47 /home/creaspo/Desktop/imdad/emdad-backend/vendor/laravel/framework/src/Illuminate/Console/Application.php(102): Symfony\\Component\\Console\\Application->run()
#48 /home/creaspo/Desktop/imdad/emdad-backend/vendor/laravel/framework/src/Illuminate/Foundation/Console/Kernel.php(155): Illuminate\\Console\\Application->run()
#49 /home/creaspo/Desktop/imdad/emdad-backend/artisan(37): Illuminate\\Foundation\\Console\\Kernel->handle()
#50 {main}
"} 
[2022-11-15 13:25:15] local.ERROR: Class "Doctrine\DBAL\Driver\AbstractMySQLDriver" not found {"exception":"[object] (Error(code: 0): Class \"Doctrine\\DBAL\\Driver\\AbstractMySQLDriver\" not found at /home/creaspo/Desktop/imdad/emdad-backend/vendor/laravel/framework/src/Illuminate/Database/PDO/MySqlDriver.php:8)
[stacktrace]
#0 /home/creaspo/Desktop/imdad/emdad-backend/vendor/composer/ClassLoader.php(571): include()
#1 /home/creaspo/Desktop/imdad/emdad-backend/vendor/composer/ClassLoader.php(428): Composer\\Autoload\\includeFile()
#2 /home/creaspo/Desktop/imdad/emdad-backend/vendor/laravel/framework/src/Illuminate/Database/MySqlConnection.php(89): Composer\\Autoload\\ClassLoader->loadClass()
#3 /home/creaspo/Desktop/imdad/emdad-backend/vendor/laravel/framework/src/Illuminate/Database/Connection.php(1117): Illuminate\\Database\\MySqlConnection->getDoctrineDriver()
#4 /home/creaspo/Desktop/imdad/emdad-backend/vendor/laravel/framework/src/Illuminate/Database/Connection.php(1100): Illuminate\\Database\\Connection->getDoctrineConnection()
#5 /home/creaspo/Desktop/imdad/emdad-backend/vendor/laravel/framework/src/Illuminate/Database/Schema/Grammars/RenameColumn.php(25): Illuminate\\Database\\Connection->getDoctrineSchemaManager()
#6 /home/creaspo/Desktop/imdad/emdad-backend/vendor/laravel/framework/src/Illuminate/Database/Schema/Grammars/Grammar.php(71): Illuminate\\Database\\Schema\\Grammars\\RenameColumn::compile()
#7 /home/creaspo/Desktop/imdad/emdad-backend/vendor/laravel/framework/src/Illuminate/Database/Schema/Blueprint.php(135): Illuminate\\Database\\Schema\\Grammars\\Grammar->compileRenameColumn()
#8 /home/creaspo/Desktop/imdad/emdad-backend/vendor/laravel/framework/src/Illuminate/Database/Schema/Blueprint.php(108): Illuminate\\Database\\Schema\\Blueprint->toSql()
#9 /home/creaspo/Desktop/imdad/emdad-backend/vendor/laravel/framework/src/Illuminate/Database/Schema/Builder.php(404): Illuminate\\Database\\Schema\\Blueprint->build()
#10 /home/creaspo/Desktop/imdad/emdad-backend/vendor/laravel/framework/src/Illuminate/Database/Schema/Builder.php(251): Illuminate\\Database\\Schema\\Builder->build()
#11 /home/creaspo/Desktop/imdad/emdad-backend/vendor/laravel/framework/src/Illuminate/Support/Facades/Facade.php(338): Illuminate\\Database\\Schema\\Builder->table()
#12 /home/creaspo/Desktop/imdad/emdad-backend/database/migrations/2022_11_15_111354_add_first_lastname_to_company_info.php(27): Illuminate\\Support\\Facades\\Facade::__callStatic()
#13 /home/creaspo/Desktop/imdad/emdad-backend/vendor/laravel/framework/src/Illuminate/Database/Migrations/Migrator.php(482): Illuminate\\Database\\Migrations\\Migration@anonymous->up()
#14 /home/creaspo/Desktop/imdad/emdad-backend/vendor/laravel/framework/src/Illuminate/Database/Migrations/Migrator.php(400): Illuminate\\Database\\Migrations\\Migrator->runMethod()
#15 /home/creaspo/Desktop/imdad/emdad-backend/vendor/laravel/framework/src/Illuminate/Database/Migrations/Migrator.php(409): Illuminate\\Database\\Migrations\\Migrator->Illuminate\\Database\\Migrations\\{closure}()
#16 /home/creaspo/Desktop/imdad/emdad-backend/vendor/laravel/framework/src/Illuminate/Database/Migrations/Migrator.php(210): Illuminate\\Database\\Migrations\\Migrator->runMigration()
#17 /home/creaspo/Desktop/imdad/emdad-backend/vendor/laravel/framework/src/Illuminate/Console/View/Components/Task.php(36): Illuminate\\Database\\Migrations\\Migrator->Illuminate\\Database\\Migrations\\{closure}()
#18 /home/creaspo/Desktop/imdad/emdad-backend/vendor/laravel/framework/src/Illuminate/Database/Migrations/Migrator.php(740): Illuminate\\Console\\View\\Components\\Task->render()
#19 /home/creaspo/Desktop/imdad/emdad-backend/vendor/laravel/framework/src/Illuminate/Database/Migrations/Migrator.php(210): Illuminate\\Database\\Migrations\\Migrator->write()
#20 /home/creaspo/Desktop/imdad/emdad-backend/vendor/laravel/framework/src/Illuminate/Database/Migrations/Migrator.php(175): Illuminate\\Database\\Migrations\\Migrator->runUp()
#21 /home/creaspo/Desktop/imdad/emdad-backend/vendor/laravel/framework/src/Illuminate/Database/Migrations/Migrator.php(118): Illuminate\\Database\\Migrations\\Migrator->runPending()
#22 /home/creaspo/Desktop/imdad/emdad-backend/vendor/laravel/framework/src/Illuminate/Database/Console/Migrations/MigrateCommand.php(90): Illuminate\\Database\\Migrations\\Migrator->run()
#23 /home/creaspo/Desktop/imdad/emdad-backend/vendor/laravel/framework/src/Illuminate/Database/Migrations/Migrator.php(616): Illuminate\\Database\\Console\\Migrations\\MigrateCommand->Illuminate\\Database\\Console\\Migrations\\{closure}()
#24 /home/creaspo/Desktop/imdad/emdad-backend/vendor/laravel/framework/src/Illuminate/Database/Console/Migrations/MigrateCommand.php(102): Illuminate\\Database\\Migrations\\Migrator->usingConnection()
#25 /home/creaspo/Desktop/imdad/emdad-backend/vendor/laravel/framework/src/Illuminate/Container/BoundMethod.php(36): Illuminate\\Database\\Console\\Migrations\\MigrateCommand->handle()
#26 /home/creaspo/Desktop/imdad/emdad-backend/vendor/laravel/framework/src/Illuminate/Container/Util.php(41): Illuminate\\Container\\BoundMethod::Illuminate\\Container\\{closure}()
#27 /home/creaspo/Desktop/imdad/emdad-backend/vendor/laravel/framework/src/Illuminate/Container/BoundMethod.php(93): Illuminate\\Container\\Util::unwrapIfClosure()
#28 /home/creaspo/Desktop/imdad/emdad-backend/vendor/laravel/framework/src/Illuminate/Container/BoundMethod.php(37): Illuminate\\Container\\BoundMethod::callBoundMethod()
#29 /home/creaspo/Desktop/imdad/emdad-backend/vendor/laravel/framework/src/Illuminate/Container/Container.php(651): Illuminate\\Container\\BoundMethod::call()
#30 /home/creaspo/Desktop/imdad/emdad-backend/vendor/laravel/framework/src/Illuminate/Console/Command.php(178): Illuminate\\Container\\Container->call()
#31 /home/creaspo/Desktop/imdad/emdad-backend/vendor/symfony/console/Command/Command.php(308): Illuminate\\Console\\Command->execute()
#32 /home/creaspo/Desktop/imdad/emdad-backend/vendor/laravel/framework/src/Illuminate/Console/Command.php(148): Symfony\\Component\\Console\\Command\\Command->run()
#33 /home/creaspo/Desktop/imdad/emdad-backend/vendor/laravel/framework/src/Illuminate/Console/Concerns/CallsCommands.php(68): Illuminate\\Console\\Command->run()
#34 /home/creaspo/Desktop/imdad/emdad-backend/vendor/laravel/framework/src/Illuminate/Console/Concerns/CallsCommands.php(28): Illuminate\\Console\\Command->runCommand()
#35 /home/creaspo/Desktop/imdad/emdad-backend/vendor/laravel/framework/src/Illuminate/Database/Console/Migrations/FreshCommand.php(59): Illuminate\\Console\\Command->call()
#36 /home/creaspo/Desktop/imdad/emdad-backend/vendor/laravel/framework/src/Illuminate/Container/BoundMethod.php(36): Illuminate\\Database\\Console\\Migrations\\FreshCommand->handle()
#37 /home/creaspo/Desktop/imdad/emdad-backend/vendor/laravel/framework/src/Illuminate/Container/Util.php(41): Illuminate\\Container\\BoundMethod::Illuminate\\Container\\{closure}()
#38 /home/creaspo/Desktop/imdad/emdad-backend/vendor/laravel/framework/src/Illuminate/Container/BoundMethod.php(93): Illuminate\\Container\\Util::unwrapIfClosure()
#39 /home/creaspo/Desktop/imdad/emdad-backend/vendor/laravel/framework/src/Illuminate/Container/BoundMethod.php(37): Illuminate\\Container\\BoundMethod::callBoundMethod()
#40 /home/creaspo/Desktop/imdad/emdad-backend/vendor/laravel/framework/src/Illuminate/Container/Container.php(651): Illuminate\\Container\\BoundMethod::call()
#41 /home/creaspo/Desktop/imdad/emdad-backend/vendor/laravel/framework/src/Illuminate/Console/Command.php(178): Illuminate\\Container\\Container->call()
#42 /home/creaspo/Desktop/imdad/emdad-backend/vendor/symfony/console/Command/Command.php(308): Illuminate\\Console\\Command->execute()
#43 /home/creaspo/Desktop/imdad/emdad-backend/vendor/laravel/framework/src/Illuminate/Console/Command.php(148): Symfony\\Component\\Console\\Command\\Command->run()
#44 /home/creaspo/Desktop/imdad/emdad-backend/vendor/symfony/console/Application.php(1014): Illuminate\\Console\\Command->run()
#45 /home/creaspo/Desktop/imdad/emdad-backend/vendor/symfony/console/Application.php(301): Symfony\\Component\\Console\\Application->doRunCommand()
#46 /home/creaspo/Desktop/imdad/emdad-backend/vendor/symfony/console/Application.php(171): Symfony\\Component\\Console\\Application->doRun()
#47 /home/creaspo/Desktop/imdad/emdad-backend/vendor/laravel/framework/src/Illuminate/Console/Application.php(102): Symfony\\Component\\Console\\Application->run()
#48 /home/creaspo/Desktop/imdad/emdad-backend/vendor/laravel/framework/src/Illuminate/Foundation/Console/Kernel.php(155): Illuminate\\Console\\Application->run()
#49 /home/creaspo/Desktop/imdad/emdad-backend/artisan(37): Illuminate\\Foundation\\Console\\Kernel->handle()
#50 {main}
"} 
[2022-11-15 13:31:29] local.ERROR: Class "Doctrine\DBAL\Driver\AbstractMySQLDriver" not found {"exception":"[object] (Error(code: 0): Class \"Doctrine\\DBAL\\Driver\\AbstractMySQLDriver\" not found at /home/creaspo/Desktop/imdad/emdad-backend/vendor/laravel/framework/src/Illuminate/Database/PDO/MySqlDriver.php:8)
[stacktrace]
#0 /home/creaspo/Desktop/imdad/emdad-backend/vendor/composer/ClassLoader.php(571): include()
#1 /home/creaspo/Desktop/imdad/emdad-backend/vendor/composer/ClassLoader.php(428): Composer\\Autoload\\includeFile()
#2 /home/creaspo/Desktop/imdad/emdad-backend/vendor/laravel/framework/src/Illuminate/Database/MySqlConnection.php(89): Composer\\Autoload\\ClassLoader->loadClass()
#3 /home/creaspo/Desktop/imdad/emdad-backend/vendor/laravel/framework/src/Illuminate/Database/Connection.php(1117): Illuminate\\Database\\MySqlConnection->getDoctrineDriver()
#4 /home/creaspo/Desktop/imdad/emdad-backend/vendor/laravel/framework/src/Illuminate/Database/Connection.php(1100): Illuminate\\Database\\Connection->getDoctrineConnection()
#5 /home/creaspo/Desktop/imdad/emdad-backend/vendor/laravel/framework/src/Illuminate/Database/Schema/Grammars/RenameColumn.php(25): Illuminate\\Database\\Connection->getDoctrineSchemaManager()
#6 /home/creaspo/Desktop/imdad/emdad-backend/vendor/laravel/framework/src/Illuminate/Database/Schema/Grammars/Grammar.php(71): Illuminate\\Database\\Schema\\Grammars\\RenameColumn::compile()
#7 /home/creaspo/Desktop/imdad/emdad-backend/vendor/laravel/framework/src/Illuminate/Database/Schema/Blueprint.php(135): Illuminate\\Database\\Schema\\Grammars\\Grammar->compileRenameColumn()
#8 /home/creaspo/Desktop/imdad/emdad-backend/vendor/laravel/framework/src/Illuminate/Database/Schema/Blueprint.php(108): Illuminate\\Database\\Schema\\Blueprint->toSql()
#9 /home/creaspo/Desktop/imdad/emdad-backend/vendor/laravel/framework/src/Illuminate/Database/Schema/Builder.php(404): Illuminate\\Database\\Schema\\Blueprint->build()
#10 /home/creaspo/Desktop/imdad/emdad-backend/vendor/laravel/framework/src/Illuminate/Database/Schema/Builder.php(251): Illuminate\\Database\\Schema\\Builder->build()
#11 /home/creaspo/Desktop/imdad/emdad-backend/vendor/laravel/framework/src/Illuminate/Support/Facades/Facade.php(338): Illuminate\\Database\\Schema\\Builder->table()
#12 /home/creaspo/Desktop/imdad/emdad-backend/database/migrations/2022_11_15_111354_add_first_last_name_to_company_info.php(27): Illuminate\\Support\\Facades\\Facade::__callStatic()
#13 /home/creaspo/Desktop/imdad/emdad-backend/vendor/laravel/framework/src/Illuminate/Database/Migrations/Migrator.php(482): Illuminate\\Database\\Migrations\\Migration@anonymous->up()
#14 /home/creaspo/Desktop/imdad/emdad-backend/vendor/laravel/framework/src/Illuminate/Database/Migrations/Migrator.php(400): Illuminate\\Database\\Migrations\\Migrator->runMethod()
#15 /home/creaspo/Desktop/imdad/emdad-backend/vendor/laravel/framework/src/Illuminate/Database/Migrations/Migrator.php(409): Illuminate\\Database\\Migrations\\Migrator->Illuminate\\Database\\Migrations\\{closure}()
#16 /home/creaspo/Desktop/imdad/emdad-backend/vendor/laravel/framework/src/Illuminate/Database/Migrations/Migrator.php(210): Illuminate\\Database\\Migrations\\Migrator->runMigration()
#17 /home/creaspo/Desktop/imdad/emdad-backend/vendor/laravel/framework/src/Illuminate/Console/View/Components/Task.php(36): Illuminate\\Database\\Migrations\\Migrator->Illuminate\\Database\\Migrations\\{closure}()
#18 /home/creaspo/Desktop/imdad/emdad-backend/vendor/laravel/framework/src/Illuminate/Database/Migrations/Migrator.php(740): Illuminate\\Console\\View\\Components\\Task->render()
#19 /home/creaspo/Desktop/imdad/emdad-backend/vendor/laravel/framework/src/Illuminate/Database/Migrations/Migrator.php(210): Illuminate\\Database\\Migrations\\Migrator->write()
#20 /home/creaspo/Desktop/imdad/emdad-backend/vendor/laravel/framework/src/Illuminate/Database/Migrations/Migrator.php(175): Illuminate\\Database\\Migrations\\Migrator->runUp()
#21 /home/creaspo/Desktop/imdad/emdad-backend/vendor/laravel/framework/src/Illuminate/Database/Migrations/Migrator.php(118): Illuminate\\Database\\Migrations\\Migrator->runPending()
#22 /home/creaspo/Desktop/imdad/emdad-backend/vendor/laravel/framework/src/Illuminate/Database/Console/Migrations/MigrateCommand.php(90): Illuminate\\Database\\Migrations\\Migrator->run()
#23 /home/creaspo/Desktop/imdad/emdad-backend/vendor/laravel/framework/src/Illuminate/Database/Migrations/Migrator.php(616): Illuminate\\Database\\Console\\Migrations\\MigrateCommand->Illuminate\\Database\\Console\\Migrations\\{closure}()
#24 /home/creaspo/Desktop/imdad/emdad-backend/vendor/laravel/framework/src/Illuminate/Database/Console/Migrations/MigrateCommand.php(102): Illuminate\\Database\\Migrations\\Migrator->usingConnection()
#25 /home/creaspo/Desktop/imdad/emdad-backend/vendor/laravel/framework/src/Illuminate/Container/BoundMethod.php(36): Illuminate\\Database\\Console\\Migrations\\MigrateCommand->handle()
#26 /home/creaspo/Desktop/imdad/emdad-backend/vendor/laravel/framework/src/Illuminate/Container/Util.php(41): Illuminate\\Container\\BoundMethod::Illuminate\\Container\\{closure}()
#27 /home/creaspo/Desktop/imdad/emdad-backend/vendor/laravel/framework/src/Illuminate/Container/BoundMethod.php(93): Illuminate\\Container\\Util::unwrapIfClosure()
#28 /home/creaspo/Desktop/imdad/emdad-backend/vendor/laravel/framework/src/Illuminate/Container/BoundMethod.php(37): Illuminate\\Container\\BoundMethod::callBoundMethod()
#29 /home/creaspo/Desktop/imdad/emdad-backend/vendor/laravel/framework/src/Illuminate/Container/Container.php(651): Illuminate\\Container\\BoundMethod::call()
#30 /home/creaspo/Desktop/imdad/emdad-backend/vendor/laravel/framework/src/Illuminate/Console/Command.php(178): Illuminate\\Container\\Container->call()
#31 /home/creaspo/Desktop/imdad/emdad-backend/vendor/symfony/console/Command/Command.php(308): Illuminate\\Console\\Command->execute()
#32 /home/creaspo/Desktop/imdad/emdad-backend/vendor/laravel/framework/src/Illuminate/Console/Command.php(148): Symfony\\Component\\Console\\Command\\Command->run()
#33 /home/creaspo/Desktop/imdad/emdad-backend/vendor/laravel/framework/src/Illuminate/Console/Concerns/CallsCommands.php(68): Illuminate\\Console\\Command->run()
#34 /home/creaspo/Desktop/imdad/emdad-backend/vendor/laravel/framework/src/Illuminate/Console/Concerns/CallsCommands.php(28): Illuminate\\Console\\Command->runCommand()
#35 /home/creaspo/Desktop/imdad/emdad-backend/vendor/laravel/framework/src/Illuminate/Database/Console/Migrations/FreshCommand.php(59): Illuminate\\Console\\Command->call()
#36 /home/creaspo/Desktop/imdad/emdad-backend/vendor/laravel/framework/src/Illuminate/Container/BoundMethod.php(36): Illuminate\\Database\\Console\\Migrations\\FreshCommand->handle()
#37 /home/creaspo/Desktop/imdad/emdad-backend/vendor/laravel/framework/src/Illuminate/Container/Util.php(41): Illuminate\\Container\\BoundMethod::Illuminate\\Container\\{closure}()
#38 /home/creaspo/Desktop/imdad/emdad-backend/vendor/laravel/framework/src/Illuminate/Container/BoundMethod.php(93): Illuminate\\Container\\Util::unwrapIfClosure()
#39 /home/creaspo/Desktop/imdad/emdad-backend/vendor/laravel/framework/src/Illuminate/Container/BoundMethod.php(37): Illuminate\\Container\\BoundMethod::callBoundMethod()
#40 /home/creaspo/Desktop/imdad/emdad-backend/vendor/laravel/framework/src/Illuminate/Container/Container.php(651): Illuminate\\Container\\BoundMethod::call()
#41 /home/creaspo/Desktop/imdad/emdad-backend/vendor/laravel/framework/src/Illuminate/Console/Command.php(178): Illuminate\\Container\\Container->call()
#42 /home/creaspo/Desktop/imdad/emdad-backend/vendor/symfony/console/Command/Command.php(308): Illuminate\\Console\\Command->execute()
#43 /home/creaspo/Desktop/imdad/emdad-backend/vendor/laravel/framework/src/Illuminate/Console/Command.php(148): Symfony\\Component\\Console\\Command\\Command->run()
#44 /home/creaspo/Desktop/imdad/emdad-backend/vendor/symfony/console/Application.php(1014): Illuminate\\Console\\Command->run()
#45 /home/creaspo/Desktop/imdad/emdad-backend/vendor/symfony/console/Application.php(301): Symfony\\Component\\Console\\Application->doRunCommand()
#46 /home/creaspo/Desktop/imdad/emdad-backend/vendor/symfony/console/Application.php(171): Symfony\\Component\\Console\\Application->doRun()
#47 /home/creaspo/Desktop/imdad/emdad-backend/vendor/laravel/framework/src/Illuminate/Console/Application.php(102): Symfony\\Component\\Console\\Application->run()
#48 /home/creaspo/Desktop/imdad/emdad-backend/vendor/laravel/framework/src/Illuminate/Foundation/Console/Kernel.php(155): Illuminate\\Console\\Application->run()
#49 /home/creaspo/Desktop/imdad/emdad-backend/artisan(37): Illuminate\\Foundation\\Console\\Kernel->handle()
#50 {main}
"} 
